[2024-02-20 01:33:25] sql.INFO: [729.61] select * from "header_banner" limit 1 [] []
[2024-02-20 01:33:25] sql.INFO: [581.14] select * from "media" where "content_type" = 'image' and "media"."mediable_id" in (2) and "media"."mediable_type" = 'App\Model\HeaderBanner' and "media"."deleted_at" is null [] []
[2024-02-20 01:33:25] sql.INFO: [30.13] select * from "media" where "content_type" = 'image_mobile' and "media"."mediable_id" in (2) and "media"."mediable_type" = 'App\Model\HeaderBanner' and "media"."deleted_at" is null [] []
[2024-02-20 01:33:25] sql.INFO: [160.46] select * from "testimonial" where "is_active" = '1' and "testimonial"."deleted_at" is null [] []
[2024-02-20 01:33:25] sql.INFO: [81.74] select * from "media" where "content_type" = 'image' and "media"."mediable_id" in (1, 2, 3) and "media"."mediable_type" = 'App\Model\Testimonial' and "media"."deleted_at" is null [] []
[2024-02-20 01:33:26] sql.INFO: [117.64] select * from "banks" [] []
[2024-02-20 01:33:26] sql.INFO: [64.39] select * from "seo" limit 1 [] []
[2024-02-20 01:33:26] sql.INFO: [35.59] select * from "seo" limit 1 [] []
[2024-02-20 01:33:26] sql.INFO: [26.65] select * from "seo" limit 1 [] []
[2024-02-20 01:38:22] sql.INFO: [101.37] select * from "seo" limit 1 [] []
[2024-02-20 01:38:22] sql.INFO: [22.67] select * from "seo" limit 1 [] []
[2024-02-20 01:38:22] sql.INFO: [18.91] select * from "seo" limit 1 [] []
[2024-02-20 01:38:22] sql.INFO: [50.82] select * from "seo" limit 1 [] []
[2024-02-20 01:38:22] sql.INFO: [25.31] select * from "seo" limit 1 [] []
[2024-02-20 01:38:22] sql.INFO: [74.95] select * from "seo" limit 1 [] []
[2024-02-20 01:44:07] sql.INFO: [96.74] select * from "seo" limit 1 [] []
[2024-02-20 01:44:08] sql.INFO: [72.42] select * from "seo" limit 1 [] []
[2024-02-20 01:44:53] sql.INFO: [102.44] select * from "seo" limit 1 [] []
[2024-02-20 01:44:53] sql.INFO: [50.93] select * from "seo" limit 1 [] []
[2024-02-20 01:45:52] sql.INFO: [2709.42] select * from "seo" limit 1 [] []
[2024-02-20 01:45:52] sql.INFO: [252.31] select * from "seo" limit 1 [] []
[2024-02-20 01:45:53] sql.INFO: [132.87] select * from "seo" limit 1 [] []
[2024-02-20 01:47:17] sql.INFO: [103.55] select * from "seo" limit 1 [] []
[2024-02-20 01:47:20] sql.INFO: [56.66] select * from "provinces" [] []
[2024-02-20 01:47:20] sql.INFO: [185.87] select * from "seo" limit 1 [] []
[2024-02-20 01:50:18] sql.INFO: [123.88] select * from "seo" limit 1 [] []
[2024-02-20 01:50:21] sql.INFO: [98.31] select * from "provinces" [] []
[2024-02-20 01:50:21] sql.INFO: [153.41] select * from "seo" limit 1 [] []
[2024-02-20 01:51:07] sql.INFO: [111.03] select * from "seo" limit 1 [] []
[2024-02-20 01:51:09] sql.INFO: [28.76] select * from "provinces" [] []
[2024-02-20 01:51:09] sql.INFO: [156.53] select * from "seo" limit 1 [] []
[2024-02-20 01:51:36] sql.INFO: [24.42] select * from "seo" limit 1 [] []
[2024-02-20 01:51:37] sql.INFO: [37.54] select * from "seo" limit 1 [] []
[2024-02-20 01:51:38] sql.INFO: [34.95] select * from "provinces" [] []
[2024-02-20 01:52:20] sql.INFO: [42.81] select * from "seo" limit 1 [] []
[2024-02-20 01:52:54] sql.INFO: [37.85] select * from "seo" limit 1 [] []
[2024-02-20 01:53:01] sql.INFO: [38.53] select * from "provinces" [] []
[2024-02-20 01:53:05] sql.INFO: [221.09] select * from "seo" limit 1 [] []
[2024-02-20 01:54:28] sql.INFO: [140.37] select * from "seo" limit 1 [] []
[2024-02-20 01:54:34] sql.INFO: [159.68] select * from "seo" limit 1 [] []
[2024-02-20 01:54:35] sql.INFO: [34.29] select * from "provinces" [] []
[2024-02-20 01:55:18] sql.INFO: [43.57] select * from "seo" limit 1 [] []
[2024-02-20 01:55:19] sql.INFO: [142.73] select * from "seo" limit 1 [] []
[2024-02-20 01:55:20] sql.INFO: [52.34] select * from "provinces" [] []
[2024-02-20 01:55:47] sql.INFO: [32.7] select * from "seo" limit 1 [] []
[2024-02-20 01:55:48] sql.INFO: [56.1] select * from "seo" limit 1 [] []
[2024-02-20 01:55:49] sql.INFO: [29.24] select * from "provinces" [] []
[2024-02-20 01:56:00] sql.INFO: [39.2] select * from "seo" limit 1 [] []
[2024-02-20 01:56:01] sql.INFO: [56.63] select * from "seo" limit 1 [] []
[2024-02-20 01:56:02] sql.INFO: [31.33] select * from "provinces" [] []
[2024-02-20 01:56:54] sql.INFO: [25.79] select * from "seo" limit 1 [] []
[2024-02-20 01:57:01] sql.INFO: [4327.46] select * from "provinces" [] []
[2024-02-20 01:57:06] sql.INFO: [228.44] select * from "seo" limit 1 [] []
[2024-02-20 01:58:26] sql.INFO: [153.32] select * from "seo" limit 1 [] []
[2024-02-20 01:58:27] sql.INFO: [63.16] select * from "seo" limit 1 [] []
[2024-02-20 01:58:27] sql.INFO: [46.6] select * from "provinces" [] []
[2024-02-20 02:02:43] sql.INFO: [91.89] select * from "seo" limit 1 [] []
[2024-02-20 02:02:45] sql.INFO: [158.09] select * from "provinces" [] []
[2024-02-20 02:03:30] sql.INFO: [29.51] select * from "seo" limit 1 [] []
[2024-02-20 02:03:31] sql.INFO: [45.31] select * from "provinces" [] []
[2024-02-20 02:04:36] sql.INFO: [162.23] select * from "seo" limit 1 [] []
[2024-02-20 02:04:37] sql.INFO: [117.53] select * from "provinces" [] []
[2024-02-20 02:05:25] sql.INFO: [27.07] select * from "seo" limit 1 [] []
[2024-02-20 02:05:26] sql.INFO: [33.59] select * from "provinces" [] []
[2024-02-20 02:06:17] sql.INFO: [24.54] select * from "seo" limit 1 [] []
[2024-02-20 02:06:18] sql.INFO: [115.58] select * from "provinces" [] []
[2024-02-20 02:07:44] sql.INFO: [96.42] select * from "seo" limit 1 [] []
[2024-02-20 02:07:45] sql.INFO: [40.51] select * from "provinces" [] []
[2024-02-20 02:07:53] sql.INFO: [23.11] select * from "seo" limit 1 [] []
[2024-02-20 02:07:54] sql.INFO: [35.22] select * from "provinces" [] []
[2024-02-20 02:07:58] sql.INFO: [23.1] select * from "seo" limit 1 [] []
[2024-02-20 02:07:59] sql.INFO: [31.03] select * from "provinces" [] []
[2024-02-20 02:08:20] sql.INFO: [20.14] select * from "seo" limit 1 [] []
[2024-02-20 02:08:20] sql.INFO: [45.82] select * from "provinces" [] []
[2024-02-20 02:08:43] sql.INFO: [28.01] select * from "seo" limit 1 [] []
[2024-02-20 02:08:43] sql.INFO: [147.49] select * from "provinces" [] []
[2024-02-20 02:09:02] sql.INFO: [20.44] select * from "seo" limit 1 [] []
[2024-02-20 02:09:03] sql.INFO: [27.24] select * from "provinces" [] []
[2024-02-20 02:09:03] sql.INFO: [25.45] select * from "seo" limit 1 [] []
[2024-02-20 02:09:04] sql.INFO: [37.69] select * from "provinces" [] []
[2024-02-20 02:09:14] sql.INFO: [21.57] select * from "seo" limit 1 [] []
[2024-02-20 02:09:15] sql.INFO: [128.96] select * from "provinces" [] []
[2024-02-20 02:09:39] sql.INFO: [22.51] select * from "seo" limit 1 [] []
[2024-02-20 02:09:41] sql.INFO: [34.21] select * from "provinces" [] []
[2024-02-20 02:09:53] sql.INFO: [48.48] select * from "seo" limit 1 [] []
[2024-02-20 02:09:54] sql.INFO: [151.64] select * from "provinces" [] []
[2024-02-20 02:11:19] sql.INFO: [109.29] select * from "seo" limit 1 [] []
[2024-02-20 02:11:20] sql.INFO: [99.16] select * from "provinces" [] []
[2024-02-20 02:11:22] sql.INFO: [39.28] select * from "seo" limit 1 [] []
[2024-02-20 02:11:23] sql.INFO: [27.39] select * from "provinces" [] []
[2024-02-20 02:11:31] sql.INFO: [22.64] select * from "seo" limit 1 [] []
[2024-02-20 02:11:32] sql.INFO: [39.83] select * from "provinces" [] []
[2024-02-20 02:13:45] sql.INFO: [84.19] select * from "seo" limit 1 [] []
[2024-02-20 02:13:46] sql.INFO: [186.08] select * from "provinces" [] []
[2024-02-20 02:14:27] sql.INFO: [24.07] select * from "seo" limit 1 [] []
[2024-02-20 02:14:28] sql.INFO: [121.02] select * from "provinces" [] []
[2024-02-20 02:15:13] sql.INFO: [36.66] select * from "seo" limit 1 [] []
[2024-02-20 02:15:13] sql.INFO: [116.58] select * from "provinces" [] []
[2024-02-20 02:20:13] sql.INFO: [91.5] select * from "seo" limit 1 [] []
[2024-02-20 02:20:14] sql.INFO: [109.06] select * from "provinces" [] []
[2024-02-20 02:20:59] sql.INFO: [92.27] select * from "seo" limit 1 [] []
[2024-02-20 02:21:00] sql.INFO: [56.62] select * from "provinces" [] []
[2024-02-20 02:21:00] sql.INFO: [25.4] select * from "seo" limit 1 [] []
[2024-02-20 02:21:01] sql.INFO: [132.2] select * from "provinces" [] []
[2024-02-20 02:21:59] sql.INFO: [84.5] select * from "seo" limit 1 [] []
[2024-02-20 02:22:02] sql.INFO: [175.87] select * from "provinces" [] []
[2024-02-20 02:23:40] sql.INFO: [101.76] select * from "seo" limit 1 [] []
[2024-02-20 02:23:42] sql.INFO: [179.2] select * from "provinces" [] []
[2024-02-20 02:25:02] sql.INFO: [107.96] select * from "seo" limit 1 [] []
[2024-02-20 02:25:03] sql.INFO: [49.03] select * from "provinces" [] []
[2024-02-20 02:25:26] sql.INFO: [25.48] select * from "seo" limit 1 [] []
[2024-02-20 02:25:27] sql.INFO: [99.57] select * from "provinces" [] []
[2024-02-20 02:25:56] sql.INFO: [30.43] select * from "seo" limit 1 [] []
[2024-02-20 02:25:57] sql.INFO: [258.97] select * from "provinces" [] []
[2024-02-20 02:26:28] sql.INFO: [299.35] select * from "seo" limit 1 [] []
[2024-02-20 02:26:29] sql.INFO: [29.36] select * from "provinces" [] []
[2024-02-20 02:27:18] sql.INFO: [34.92] select * from "seo" limit 1 [] []
[2024-02-20 02:27:21] sql.INFO: [171.46] select * from "provinces" [] []
[2024-02-20 02:27:26] sql.INFO: [48.78] select * from "seo" limit 1 [] []
[2024-02-20 02:27:27] sql.INFO: [31.1] select * from "provinces" [] []
[2024-02-20 02:28:35] sql.INFO: [96.44] select * from "seo" limit 1 [] []
[2024-02-20 02:28:41] sql.INFO: [91.61] select * from "provinces" [] []
[2024-02-20 02:29:01] sql.INFO: [27.41] select * from "seo" limit 1 [] []
[2024-02-20 02:29:02] sql.INFO: [39.93] select * from "provinces" [] []
[2024-02-20 02:29:23] sql.INFO: [42.2] select * from "seo" limit 1 [] []
[2024-02-20 02:29:24] sql.INFO: [141.36] select * from "provinces" [] []
[2024-02-20 02:29:49] sql.INFO: [25.28] select * from "seo" limit 1 [] []
[2024-02-20 02:29:50] sql.INFO: [67.32] select * from "provinces" [] []
[2024-02-20 02:30:00] sql.INFO: [39.82] select * from "seo" limit 1 [] []
[2024-02-20 02:30:00] sql.INFO: [32.98] select * from "provinces" [] []
[2024-02-20 02:33:31] sql.INFO: [110.28] select * from "seo" limit 1 [] []
[2024-02-20 02:33:34] sql.INFO: [131.93] select * from "provinces" [] []
[2024-02-20 02:33:54] sql.INFO: [101] select * from "seo" limit 1 [] []
[2024-02-20 02:33:56] sql.INFO: [160.63] select * from "provinces" [] []
[2024-02-20 02:35:50] sql.INFO: [104.5] select * from "seo" limit 1 [] []
[2024-02-20 02:35:52] sql.INFO: [162.74] select * from "provinces" [] []
[2024-02-20 02:37:02] sql.INFO: [113.27] select * from "seo" limit 1 [] []
[2024-02-20 02:37:05] sql.INFO: [101.82] select * from "provinces" [] []
[2024-02-20 02:39:35] sql.INFO: [85.57] select * from "seo" limit 1 [] []
[2024-02-20 02:39:36] sql.INFO: [123.03] select * from "provinces" [] []
[2024-02-20 02:39:48] sql.INFO: [24.6] select * from "seo" limit 1 [] []
[2024-02-20 02:39:49] sql.INFO: [146.18] select * from "provinces" [] []
[2024-02-20 02:39:59] sql.INFO: [24.78] select * from "seo" limit 1 [] []
[2024-02-20 02:39:59] sql.INFO: [30.05] select * from "provinces" [] []
[2024-02-20 02:40:15] sql.INFO: [94.9] select * from "seo" limit 1 [] []
[2024-02-20 02:40:15] sql.INFO: [38.77] select * from "provinces" [] []
[2024-02-20 02:40:50] sql.INFO: [28.57] select * from "seo" limit 1 [] []
[2024-02-20 02:42:49] sql.INFO: [78.23] select * from "seo" limit 1 [] []
[2024-02-20 02:43:41] sql.INFO: [1732.85] select * from "seo" limit 1 [] []
[2024-02-20 02:44:55] sql.INFO: [86.42] select * from "seo" limit 1 [] []
